sample.interval=20000
"is.na" ".Call" "eval" "mask$eval_all_filter" "withCallingHandlers" "filter_eval" "filter_rows" "filter.data.frame" "filter" "group_by" "summarise" "left_join" "mutate" "filter" "arrange" "do_the_thing" 
"is.na" ".Call" "eval" "mask$eval_all_filter" "withCallingHandlers" "filter_eval" "filter_rows" "filter.data.frame" "filter" "group_by" "summarise" "left_join" "mutate" "filter" "arrange" "do_the_thing" 
"!" ".Call" "eval" "mask$eval_all_filter" "withCallingHandlers" "filter_eval" "filter_rows" "filter.data.frame" "filter" "group_by" "summarise" "left_join" "mutate" "filter" "arrange" "do_the_thing" 
"!" ".Call" "eval" "mask$eval_all_filter" "withCallingHandlers" "filter_eval" "filter_rows" "filter.data.frame" "filter" "group_by" "summarise" "left_join" "mutate" "filter" "arrange" "do_the_thing" 
"!" ".Call" "eval" "mask$eval_all_filter" "withCallingHandlers" "filter_eval" "filter_rows" "filter.data.frame" "filter" "group_by" "summarise" "left_join" "mutate" "filter" "arrange" "do_the_thing" 
"!" ".Call" "eval" "mask$eval_all_filter" "withCallingHandlers" "filter_eval" "filter_rows" "filter.data.frame" "filter" "group_by" "summarise" "left_join" "mutate" "filter" "arrange" "do_the_thing" 
"vec_slice" ".row_names_info" "%||%" "dplyr_new_data_frame" "dplyr_reconstruct" "dplyr_row_slice.data.frame" "dplyr_row_slice" "filter.data.frame" "filter" "group_by" "summarise" "left_join" "mutate" "filter" "arrange" "do_the_thing" 
"vec_slice" ".row_names_info" "%||%" "dplyr_new_data_frame" "dplyr_reconstruct" "dplyr_row_slice.data.frame" "dplyr_row_slice" "filter.data.frame" "filter" "group_by" "summarise" "left_join" "mutate" "filter" "arrange" "do_the_thing" 
"vec_slice" ".row_names_info" "%||%" "dplyr_new_data_frame" "dplyr_reconstruct" "dplyr_row_slice.data.frame" "dplyr_row_slice" "filter.data.frame" "filter" "group_by" "summarise" "left_join" "mutate" "filter" "arrange" "do_the_thing" 
"vec_slice" ".row_names_info" "%||%" "dplyr_new_data_frame" "dplyr_reconstruct" "dplyr_row_slice.data.frame" "dplyr_row_slice" "filter.data.frame" "filter" "group_by" "summarise" "left_join" "mutate" "filter" "arrange" "do_the_thing" 
"vec_slice" ".row_names_info" "%||%" "dplyr_new_data_frame" "dplyr_reconstruct" "dplyr_row_slice.data.frame" "dplyr_row_slice" "filter.data.frame" "filter" "group_by" "summarise" "left_join" "mutate" "filter" "arrange" "do_the_thing" 
"vec_slice" ".row_names_info" "%||%" "dplyr_new_data_frame" "dplyr_reconstruct" "dplyr_row_slice.data.frame" "dplyr_row_slice" "filter.data.frame" "filter" "group_by" "summarise" "left_join" "mutate" "filter" "arrange" "do_the_thing" 
"vec_slice" ".row_names_info" "%||%" "dplyr_new_data_frame" "dplyr_reconstruct" "dplyr_row_slice.data.frame" "dplyr_row_slice" "filter.data.frame" "filter" "group_by" "summarise" "left_join" "mutate" "filter" "arrange" "do_the_thing" 
"vec_locate_sorted_groups" "dplyr_locate_sorted_groups" "compute_groups" "grouped_df" "group_by.data.frame" "group_by" "summarise" "left_join" "mutate" "filter" "arrange" "do_the_thing" 
"vec_locate_sorted_groups" "dplyr_locate_sorted_groups" "compute_groups" "grouped_df" "group_by.data.frame" "group_by" "summarise" "left_join" "mutate" "filter" "arrange" "do_the_thing" 
"<Anonymous>" "<Anonymous>" "mean" ".Call" "eval" "mask$eval_all_summarise" "FUN" "lapply" "map" "withCallingHandlers" "summarise_cols" "summarise.grouped_df" "summarise" "left_join" "mutate" "filter" "arrange" "do_the_thing" 
"sd" ".Call" "eval" "mask$eval_all_summarise" "FUN" "lapply" "map" "withCallingHandlers" "summarise_cols" "summarise.grouped_df" "summarise" "left_join" "mutate" "filter" "arrange" "do_the_thing" 
"stopifnot" "var" "sd" ".Call" "eval" "mask$eval_all_summarise" "FUN" "lapply" "map" "withCallingHandlers" "summarise_cols" "summarise.grouped_df" "summarise" "left_join" "mutate" "filter" "arrange" "do_the_thing" 
"<Anonymous>" "<Anonymous>" ".Call" "eval" "mask$eval_all_summarise" "FUN" "lapply" "map" "withCallingHandlers" "summarise_cols" "summarise.grouped_df" "summarise" "left_join" "mutate" "filter" "arrange" "do_the_thing" 
"n" ".Call" "eval" "mask$eval_all_summarise" "FUN" "lapply" "map" "withCallingHandlers" "summarise_cols" "summarise.grouped_df" "summarise" "left_join" "mutate" "filter" "arrange" "do_the_thing" 
